timestamp: 2015-11-13T15:16:39.483987
CREATE TABLE auth_user(
    id INTEGER PRIMARY KEY AUTOINCREMENT,
    first_name CHAR(128),
    last_name CHAR(128),
    email CHAR(512),
    password CHAR(512),
    registration_key CHAR(512),
    reset_password_key CHAR(512),
    registration_id CHAR(512)
);
success!
timestamp: 2015-11-13T15:16:39.486054
CREATE TABLE auth_group(
    id INTEGER PRIMARY KEY AUTOINCREMENT,
    role CHAR(512),
    description TEXT
);
success!
timestamp: 2015-11-13T15:16:39.488066
CREATE TABLE auth_membership(
    id INTEGER PRIMARY KEY AUTOINCREMENT,
    user_id INTEGER REFERENCES auth_user (id) ON DELETE CASCADE  ,
    group_id INTEGER REFERENCES auth_group (id) ON DELETE CASCADE  
);
success!
timestamp: 2015-11-13T15:16:39.490053
CREATE TABLE auth_permission(
    id INTEGER PRIMARY KEY AUTOINCREMENT,
    group_id INTEGER REFERENCES auth_group (id) ON DELETE CASCADE  ,
    name CHAR(512),
    table_name CHAR(512),
    record_id INTEGER
);
success!
timestamp: 2015-11-13T15:16:39.493283
CREATE TABLE auth_event(
    id INTEGER PRIMARY KEY AUTOINCREMENT,
    time_stamp TIMESTAMP,
    client_ip CHAR(512),
    user_id INTEGER REFERENCES auth_user (id) ON DELETE CASCADE  ,
    origin CHAR(512),
    description TEXT
);
success!
timestamp: 2015-11-13T15:16:39.495554
CREATE TABLE auth_cas(
    id INTEGER PRIMARY KEY AUTOINCREMENT,
    user_id INTEGER REFERENCES auth_user (id) ON DELETE CASCADE  ,
    created_on TIMESTAMP,
    service CHAR(512),
    ticket CHAR(512),
    renew CHAR(1)
);
success!
timestamp: 2015-11-13T15:51:44.575656
CREATE TABLE item_table(
    id INTEGER PRIMARY KEY AUTOINCREMENT,
    item_name CHAR(512),
    category CHAR(512),
    price DOUBLE,
    image CHAR(512)
);
success!
timestamp: 2015-11-14T10:57:40.371501
CREATE TABLE cart_table(
    id INTEGER PRIMARY KEY AUTOINCREMENT,
    user_id INTEGER,
    item_id INTEGER
);
success!
timestamp: 2015-11-14T10:57:40.377231
CREATE TABLE order_table(
    id INTEGER PRIMARY KEY AUTOINCREMENT,
    user_id INTEGER,
    item_id_array CHAR(512),
    total DOUBLE,
    address_type CHAR(512),
    address CHAR(512)
);
success!
timestamp: 2015-11-14T11:35:24.025441
ALTER TABLE cart_table ADD quantity INTEGER;
success!
success!
success!
timestamp: 2015-11-15T22:46:32.373627
ALTER TABLE order_table ADD quantity_array CHAR(512);
success!
